2025-03-11 14:21:11,000 DEBUG    root            Loaded Command Group: ['gcloud', 'config']
2025-03-11 14:21:11,003 DEBUG    root            Loaded Command Group: ['gcloud', 'config', 'config_helper']
2025-03-11 14:21:11,006 DEBUG    root            Running [gcloud.config.config-helper] with arguments: [--format: "json", --min-expiry: "1800"]
2025-03-11 14:21:11,102 DEBUG    google.auth.transport.requests Making request: GET http://metadata.google.internal/computeMetadata/v1/instance/service-accounts/389142445548-compute@developer.gserviceaccount.com/?recursive=true
2025-03-11 14:21:11,106 DEBUG    urllib3.connectionpool Starting new HTTP connection (1): metadata.google.internal:80
2025-03-11 14:21:11,108 DEBUG    urllib3.connectionpool http://metadata.google.internal:80 "GET /computeMetadata/v1/instance/service-accounts/389142445548-compute@developer.gserviceaccount.com/?recursive=true HTTP/11" 200 154
2025-03-11 14:21:11,110 DEBUG    google.auth.transport.requests Making request: GET http://metadata.google.internal/computeMetadata/v1/instance/service-accounts/389142445548-compute@developer.gserviceaccount.com/token
2025-03-11 14:21:11,127 DEBUG    urllib3.connectionpool http://metadata.google.internal:80 "GET /computeMetadata/v1/instance/service-accounts/389142445548-compute@developer.gserviceaccount.com/token HTTP/11" 200 870
2025-03-11 14:21:11,157 DEBUG    root            Chosen display Format:default json
2025-03-11 14:21:11,157 INFO     root            Display format: "default json"
2025-03-11 14:21:11,208 INFO     ___FILE_ONLY___ {
  "configuration": {
    "active_configuration": "default",
    "properties": {
      "compute": {
        "region": "us-central1"
      },
      "core": {
        "account": "389142445548-compute@developer.gserviceaccount.com",
        "disable_usage_reporting": "True",
        "project": "robotic-aviary-451823-k6"
      },
      "dataproc": {
        "region": "us-central1"
      }
    }
  },
  "credential": {
    "access_token": "ya29.c.c0ASRK0GZLXg3pZTRUxEzw9IRr6oHNMR-D1uhHk4q7JUFzw8lYVPx2InrGnvZUqXmBR49uVLowv8Pte7-VSOg-a1lGlw9VAeCceoyxt5Bf_beYxVtSNK40lcPOBK8D34g_ogfJ2AtIGdxaDRdCqwXULbtT4eALo3QbX42G1Fye1voq2xwDkPSMMFy7j2OKAGNjKccSCp6JskTugp6IIfGZ-EIhIocyKhqeo4Mr6BO1W3EoFyfOvWoW5lIa9HEW_1I5jYKrmcO5z3VA0MMjZO282kITbpHSZjn0kuLzqchm_-_fdHcdTDKgbXQK-SnLIHhacwyxE9nEctpGQoDmNg2AAhMN19RimvGJVBSe0oSsNaa3T2oW_VrmOSIxdWDxdf9HzS3pQ25OAtGGNHPG1WpmJzIH416P3YIj2J9c6wshb2Xjuav1aJQdu95Xy7tJ7m2Sykt8rvZIeJrwijz2Y0Fj_7cl4Z29IJ5_18n4UWhB2su_SJOfaJF1kBdjzu9frdRmxo3O1wVRo7wZfq9sUJzuS-MQ5YwO3xldlM3uu1_IqYJQuXF18gvfsywhBF0zkO2cr4lZWZ-85eXm9SxSr7-jSUkBaov2X1j-BF1olIQc3bV8fBs14j9ulQp6Ox2JuaY5gp2-vQ9r-gncjqRVb94dOswsm4JUZzx9q6cBgpRphf4IW6xo0Vh7J9Fb4s-jS4QnwzOxe91Y9YvlZkpvepzMau8eYw3u0mFtbX7-0tir3RmUhQ2k22siXSa7sWWIiqFfQy-eagnRcu-lgrycQygdghOxkF6Z02Iaa0MX1f3Rg_5uRXqabs8fw-_afs19nWBqrM6degF6rBxJSrjz5u0JRYZ-eokMe_BtIZIvreslFQtfB_l7k8p5lzm2la504y_wdpXXBSyRYh7X54Roi1-z0Q6k8c90UOBYUq9bxnMxik9wtlMM6vBRtWzd42F_turdspk0YZ_W1dkuycvxBwSYwBVRpit0-MMfRq1c025I0a_clzzmfVw3hjz",
    "id_token": "eyJhbGciOiJSUzI1NiIsImtpZCI6IjkxNGZiOWIwODcxODBiYzAzMDMyODQ1MDBjNWY1NDBjNmQ0ZjVlMmYiLCJ0eXAiOiJKV1QifQ.eyJhdWQiOiIzMjU1NTk0MDU1OS5hcHBzLmdvb2dsZXVzZXJjb250ZW50LmNvbSIsImF6cCI6IjEwNTQ4MjE5NzE1NzQxNjEwMTczMyIsImV4cCI6MTc0MTcwNjQ3MSwiaWF0IjoxNzQxNzAyODcxLCJpc3MiOiJodHRwczovL2FjY291bnRzLmdvb2dsZS5jb20iLCJzdWIiOiIxMDU0ODIxOTcxNTc0MTYxMDE3MzMifQ.yd4jgFkwKfMtPgpjECLz8nHyk9RYNC_C57rsHckgbFyjntpNnLEdW0el4xtxErBnq6P0x6N03fBobhvPle4lKwroWifyKb6C04wqkTm0eCrTVOWsL80QvEILQtnjw_1sChCLRlgvU3JVWgkT433E0s-rC05ulSTaEcIryaN4gHjk69xfWy7aEG7X0MgO01Kv6wg5OoIlkr-EVDEyCkdxforMxTaKfdc2NybEoeVC9nM1caR2akPSloFIJCmQnAq-f6wL5eVBqaUcbb4ArZ2APgEOEi1RryT1QQrw6JzUOMz_fZwDFMPOio2ou_WFHKQ4NQQcYSQ-DSHKtxQAyz_TWw",
    "token_expiry": "2025-03-11T15:21:10Z"
  },
  "sentinels": {
    "config_sentinel": "/home/jupyter/.config/gcloud/config_sentinel"
  }
}
2025-03-11 14:21:11,208 INFO     ___FILE_ONLY___ 

2025-03-11 14:21:11,209 DEBUG    root            SDK update checks are disabled.
