2025-03-11 14:21:23,374 DEBUG    root            Loaded Command Group: ['gcloud', 'auth']
2025-03-11 14:21:23,377 DEBUG    root            Loaded Command Group: ['gcloud', 'auth', 'configure_docker']
2025-03-11 14:21:23,379 DEBUG    root            Running [gcloud.auth.configure-docker] with arguments: [--quiet: "True"]
2025-03-11 14:21:23,426 WARNING  root            Your config file at [/home/jupyter/.docker/config.json] contains these credential helper entries:

{
  "credHelpers": {
    "gcr.io": "gcloud",
    "us.gcr.io": "gcloud",
    "eu.gcr.io": "gcloud",
    "asia.gcr.io": "gcloud",
    "staging-k8s.gcr.io": "gcloud",
    "marketplace.gcr.io": "gcloud"
  }
}
2025-03-11 14:21:23,426 INFO     ___FILE_ONLY___ Adding credentials for all GCR repositories.

2025-03-11 14:21:23,426 WARNING  root            A long list of credential helpers may cause delays running 'docker build'. We recommend passing the registry name to configure only the registry you are using.
2025-03-11 14:21:23,426 INFO     ___FILE_ONLY___ gcloud credential helpers already registered correctly.

2025-03-11 14:21:23,426 DEBUG    root            Chosen display Format:default
2025-03-11 14:21:23,427 INFO     root            Display format: "default"
2025-03-11 14:21:23,428 DEBUG    root            SDK update checks are disabled.
