2025-02-28 22:37:45,318 DEBUG    root            Loaded Command Group: ['gcloud', 'config']
2025-02-28 22:37:45,320 DEBUG    root            Loaded Command Group: ['gcloud', 'config', 'config_helper']
2025-02-28 22:37:45,322 DEBUG    root            Running [gcloud.config.config-helper] with arguments: [--format: "json", --min-expiry: "1800"]
2025-02-28 22:37:45,339 DEBUG    root            Chosen display Format:default json
2025-02-28 22:37:45,340 INFO     root            Display format: "default json"
2025-02-28 22:37:45,356 INFO     ___FILE_ONLY___ {
  "configuration": {
    "active_configuration": "default",
    "properties": {
      "compute": {
        "region": "us-central1"
      },
      "core": {
        "account": "389142445548-compute@developer.gserviceaccount.com",
        "disable_usage_reporting": "True",
        "project": "robotic-aviary-451823-k6"
      },
      "dataproc": {
        "region": "us-central1"
      }
    }
  },
  "credential": {
    "access_token": "ya29.c.c0ASRK0GZOdSF7Uc8-4e8FsAypNSVZuV1HNhPXfcDmmQjFKcLCj37bo43_gwpOd1HfdU3xoFAvsXmL3QfI8dheVZ1RieG22nhy7sgCnsYBENOMiZljnKMOMigeKeRjtkT_B4eZCN8DQgGe90nE3yDfa5zJ_mkaAYuZ3nVFKRHvUotxTEKnaexaUb24IGNEzP9tPi1vh7cSkNJMbdxrR4qD0OSjhhzjePevGnua7u_yGxn4nLhXSxg0EsaNiKwhUaYCkqHokD0YyfbfPHf_BJcGPj5YJto_Z0ojI5ybxyXVJYbWLCMiFuOzA_93oGVhd5ndVdRrk4d166QZ8fuF8ezX-mszq5lP-cZX2Jds3d6gj_lILm2WXlCGSI_cCC8ppXeBOUPFhhfmDuymmn7s7cprGAL415A7d6nUM90UyUppgOcmIxc1tUf8pbIsmesuon5c17qQ84BJ65oJ8zBkxi6XSt0_rrjc1SfMff7YnJuUvVrdBt-VkjdaeFug3ixQxkSg-sM8192wqBo_OxwWq06tBpoxfgRIF23lORp7WOQl4zx3d_3cII8umM9O1indmsJ276iOyg9Bhwo_7thMYa3sbx_XZVoYmty4_2Xrlwvt7qpd2UXcskRza0OIJ7skMtu3lR4Yq4S_I9SIIoXW-dnq5Onk7j8_ys94k5_zZXVYM_n3sifZRiixS38VhYq-WnxOJv9ImI8jW1eoytw8pbjIsWbkRUpYm7fWv_-w_n0Ra7hVl3RquMUdqXjes7vd1t7-0bcBlvvW3t3daJ0b21gsqbMq-2OsgMmc5nXMoXuij5fB4rXxuqSFg_nIkVIYMsj_Zaid4OxekwsVvcR-t806ryZeWVs9VXZknj7yharg09Jal567u0nIfI3IvOy3ksecZhy37IdOh0i607zImdObBe1urapcV4IbXkkJp4W6ecWc-iOy78US56jttkibf_8V40BjYSSczvJR56Q1Jmn4jdfYpooUR-aik34vpkYlXIzBM9kX9OBJXWe",
    "id_token": "eyJhbGciOiJSUzI1NiIsImtpZCI6Ijc2M2Y3YzRjZDI2YTFlYjJiMWIzOWE4OGY0NDM0ZDFmNGQ5YTM2OGIiLCJ0eXAiOiJKV1QifQ.eyJhdWQiOiIzMjU1NTk0MDU1OS5hcHBzLmdvb2dsZXVzZXJjb250ZW50LmNvbSIsImF6cCI6IjEwNTQ4MjE5NzE1NzQxNjEwMTczMyIsImV4cCI6MTc0MDc4NTgyMiwiaWF0IjoxNzQwNzgyMjIyLCJpc3MiOiJodHRwczovL2FjY291bnRzLmdvb2dsZS5jb20iLCJzdWIiOiIxMDU0ODIxOTcxNTc0MTYxMDE3MzMifQ.IaKeqNwCl1KaaUhWIRvRiN90Kz8wZUP8jZB6n5d84CM4o6c9R2_vvlG9pdUl9sX-I5f2KdSJpg0hdvwEA9OzLWXzxwPPAq6sWdh0_hx1wf_e4QN2j2oybxoQlTq_Exr27mOtQeRgwPCzn5jRm9c58WGm7EhiNDFfqVH1L6Ubn4JmDfOpUvvYDzvndSun5d9kJeLJ4tN1QJ0OLtSNfDzaASE9vxw55mR1gW1hWmYe7am70G9jsAXDuH9vvddWWSHYO21nOmk9GnmdK44PTgQdyJB2WXQFh9nS0Ewoa2JZeemmni7WAocsrRYZttx1KfXrMYKOR7BfHtNH8-DfNxNtJQ",
    "token_expiry": "2025-02-28T23:36:50Z"
  },
  "sentinels": {
    "config_sentinel": "/home/jupyter/.config/gcloud/config_sentinel"
  }
}
2025-02-28 22:37:45,357 INFO     ___FILE_ONLY___ 

2025-02-28 22:37:45,357 DEBUG    root            SDK update checks are disabled.
