2025-03-01 00:57:29,728 DEBUG    root            Loaded Command Group: ['gcloud', 'config']
2025-03-01 00:57:29,730 DEBUG    root            Loaded Command Group: ['gcloud', 'config', 'config_helper']
2025-03-01 00:57:29,733 DEBUG    root            Running [gcloud.config.config-helper] with arguments: [--format: "json", --min-expiry: "1800"]
2025-03-01 00:57:29,752 DEBUG    root            Chosen display Format:default json
2025-03-01 00:57:29,752 INFO     root            Display format: "default json"
2025-03-01 00:57:29,771 INFO     ___FILE_ONLY___ {
  "configuration": {
    "active_configuration": "default",
    "properties": {
      "compute": {
        "region": "us-central1"
      },
      "core": {
        "account": "389142445548-compute@developer.gserviceaccount.com",
        "disable_usage_reporting": "True",
        "project": "robotic-aviary-451823-k6"
      },
      "dataproc": {
        "region": "us-central1"
      }
    }
  },
  "credential": {
    "access_token": "ya29.c.c0ASRK0GZYw96_0LeavPQsDYlmPyPzfpD8W-eZ9FKHCibx2nRTnUjKmulo1rvW2FnCu24mmeCaxIsPxuM8vIcIyjyG_EgHcGEndq8J-k4pXjmoZS0dHbgqdu6Vmpfs_J3QdtTAnoxiBlypMvwsIB-8w8aiWiOV-jCDSoIp_wLQLYJ8Nms0M4ryNhwL77208vd8AjGgO3vBeIMDPZo7dD_Dle9SbBVWGvjp6PmNYVQma_DRoGGojaJjjJaKnSMZwTXLFb2gCulbT_BvaJJTUsAy8UhP4Ilza2oEcBFHqKNsmfhLutKy4lsL6Gb7EJz27ZjhnQ3_dXDBPoo8n19rDKxTcGBK0dzR1BnWcaAwZzdkKfCH_lIHEqrWgRisZpuf48QtGkH21XCStffechlVIRV_JpUN416Cx3k7RmQnOWg8b-cyJUJRsolW16Vh4rk2aFO63V5-v0aUt0nytV4296quXn35riS61_eqS-7WhRws72kW5V8zbvza1aprdeei9Yx7W-kShYBJtBjB9fMwZijIzvtk0gyXgFpBIRlBeo3B63pUrrckXi0U0hkzbk_SW877O0saphlbn27eorOvt8UJiaR0RF28gpmhubQikixSOf1xndoyd9gOU3O97B3Vme_RdegtJsRntS9ev1VjIxi1nI6div7tBqF6Vr0-FgtZsJ6b0cwjsFY3SYhFglgtBOgfJu8SYW2j7IBmUlsuqMFzRUnmy9mFkJbpbOI3jhdV6sd5yBdsW4o61pxO3qv7fohoXosU1uzIpsenXSw4egt7bSuckmUo5ksU9ipq3JdyxQb6_z0YSh2zwz8kdyg3mtJ687rnQXS0vg5r6lWW_pW_1m_siYzoZZep1Jn50e0ga0g29xQg-kbrmSIse38eynp3n70zxS2J3l1p7J44BnYO_qlmiOhxfVJaZ7Q8UyOYhOJVpmdcxI1p0sVhiJ28hw0bU3jwXXofU3OjXcXegZ7Yq8QUz8Z53lYb14ZROg237ywnBfXzd1-6z5d",
    "id_token": "eyJhbGciOiJSUzI1NiIsImtpZCI6Ijc2M2Y3YzRjZDI2YTFlYjJiMWIzOWE4OGY0NDM0ZDFmNGQ5YTM2OGIiLCJ0eXAiOiJKV1QifQ.eyJhdWQiOiIzMjU1NTk0MDU1OS5hcHBzLmdvb2dsZXVzZXJjb250ZW50LmNvbSIsImF6cCI6IjEwNTQ4MjE5NzE1NzQxNjEwMTczMyIsImV4cCI6MTc0MDc5MzM3NiwiaWF0IjoxNzQwNzg5Nzc2LCJpc3MiOiJodHRwczovL2FjY291bnRzLmdvb2dsZS5jb20iLCJzdWIiOiIxMDU0ODIxOTcxNTc0MTYxMDE3MzMifQ.Z6YT7m-FPtDMOUOEm2GFXme95tzc7F5WsyaWuYi-C5_jRR94biDdDNrmm-LeC-Uwyp__o7BgMO4pTHmEJ5wbSNyKtoZXWMcSAMKTKC97Mh4smWQsHr_I_1Q3q9MBabHTyMaoVOYLbMXNnDHjHIm8Kz0iyeH1cAByOyNC51QGFYmtjFcgS3_F7ykqwD6_goU5gfYXZbHaffst-MgomsC7_CV0W3Nuheqg4G2boPdgvridMvy6AnIQ8E6NGPV5XWsrRVDrneNM3YNAOCKZiuJqSqO5BSiX1NfuiUu5GbZfbZen7ePQ0SzUAW9a6c-ZXse40Z6vWpTNgRiwUPMD0vbpUg",
    "token_expiry": "2025-03-01T01:40:12Z"
  },
  "sentinels": {
    "config_sentinel": "/home/jupyter/.config/gcloud/config_sentinel"
  }
}
2025-03-01 00:57:29,771 INFO     ___FILE_ONLY___ 

2025-03-01 00:57:29,772 DEBUG    root            SDK update checks are disabled.
