2025-03-13 18:01:48,876 DEBUG    root            Loaded Command Group: ['gcloud', 'config']
2025-03-13 18:01:48,882 DEBUG    root            Loaded Command Group: ['gcloud', 'config', 'config_helper']
2025-03-13 18:01:48,885 DEBUG    root            Running [gcloud.config.config-helper] with arguments: [--format: "json", --min-expiry: "1800"]
2025-03-13 18:01:48,980 DEBUG    google.auth.transport.requests Making request: GET http://metadata.google.internal/computeMetadata/v1/instance/service-accounts/389142445548-compute@developer.gserviceaccount.com/?recursive=true
2025-03-13 18:01:48,983 DEBUG    urllib3.connectionpool Starting new HTTP connection (1): metadata.google.internal:80
2025-03-13 18:01:48,985 DEBUG    urllib3.connectionpool http://metadata.google.internal:80 "GET /computeMetadata/v1/instance/service-accounts/389142445548-compute@developer.gserviceaccount.com/?recursive=true HTTP/11" 200 154
2025-03-13 18:01:48,987 DEBUG    google.auth.transport.requests Making request: GET http://metadata.google.internal/computeMetadata/v1/instance/service-accounts/389142445548-compute@developer.gserviceaccount.com/token
2025-03-13 18:01:48,990 DEBUG    urllib3.connectionpool http://metadata.google.internal:80 "GET /computeMetadata/v1/instance/service-accounts/389142445548-compute@developer.gserviceaccount.com/token HTTP/11" 200 872
2025-03-13 18:01:49,005 DEBUG    root            Chosen display Format:default json
2025-03-13 18:01:49,005 INFO     root            Display format: "default json"
2025-03-13 18:01:49,068 INFO     ___FILE_ONLY___ {
  "configuration": {
    "active_configuration": "default",
    "properties": {
      "compute": {
        "region": "us-central1"
      },
      "core": {
        "account": "389142445548-compute@developer.gserviceaccount.com",
        "disable_usage_reporting": "True",
        "project": "robotic-aviary-451823-k6"
      },
      "dataproc": {
        "region": "us-central1"
      }
    }
  },
  "credential": {
    "access_token": "ya29.c.c0ASRK0GbNl2tiUaMlCBihGHhdgWVD75fjYk2o_ocerepnj7DT77T4x-ZRruN0Mk-2b-wWuBBDe5LNPxYTW3XnlhnCxJkKZ0kgtQchDMipg0e-ospIEfRyeL_zCllYglB1PFTzjG3zd8NTHPQVfHqF7Tf0_e4_H1wGAN5TLd5blA7qUmq53-HAC_NO9YR9b0IQozcmdFKh1gEFPwscC_aGF4wlY2GbMfc8vOUkmOuiGoKkVon2y_b752zEwt_hCm7OpNUFtsvX6odU9KxYugnko4TNz5tBD2bK7BRVWCVOcERtHws1rh49S6SR9KGPuNQkHJIZ5MExog9uGNnHqS6OLHJ46ctBIa-hywT0-ITIQnpYDZdrbdbnINRbKsXn9w5Eji46akeCDF0rpM4trhWH3gT415AwF9kR8-jRU6XxWBzJu1Y7dWsm_hoWiilS_1J7jmV3Ut8z9sX26ddyUevU4YuZOqiBvZoqYXZuMUQtcthnWnxj1Iitiskql3owJYF8VgoB8YrmxjzRcpkFkswV12BIw1Rk8UFjjx5amuBIeWJyyjpqxVOumXW6zSSJ1Bdk6FM9sRzFQkkRW7IW6aeOv1gvbt7YRgSZmWWlfwduheMYqW3hdht7qM_4XBJbi96qI93zVede07eqgjy3Y318R1SI5a8VmgU-hJtXv6-YOgo9hvqnz8xyR3Vhmgm7UdkWbZn-3I1Bfucocw_Q9JrjxJZ2FztwF8rc34R9bdsO2gJB6dewWX9Ybz0en9yJO2eidtruU25uJSzFYo2i9aFjiOh1k0ScJs-Y2950FUZ3e__Sil5rg45ZsunjF-uoocYd8oFU1po_zwnYrMMJhk-WxoQw41ZuOd4SIhzYgh8bWFpJjgnVh7brgvquewu3FWdmuSRUpWqbZIr8urB2mX9YlaxuO--9Vm2V5-J5hXl_Wta1uugyttno-1Xjyqye9dRnjcw_SitShzOv16YrZOh5Ol48Oe3odWmFMJvYbjsp9SyxpqxIhVRV7Ob",
    "id_token": "eyJhbGciOiJSUzI1NiIsImtpZCI6IjkxNGZiOWIwODcxODBiYzAzMDMyODQ1MDBjNWY1NDBjNmQ0ZjVlMmYiLCJ0eXAiOiJKV1QifQ.eyJhdWQiOiIzMjU1NTk0MDU1OS5hcHBzLmdvb2dsZXVzZXJjb250ZW50LmNvbSIsImF6cCI6IjEwNTQ4MjE5NzE1NzQxNjEwMTczMyIsImV4cCI6MTc0MTg5MjUwOCwiaWF0IjoxNzQxODg4OTA4LCJpc3MiOiJodHRwczovL2FjY291bnRzLmdvb2dsZS5jb20iLCJzdWIiOiIxMDU0ODIxOTcxNTc0MTYxMDE3MzMifQ.uOrQvcsgPYHwdhKj8U3u98FXL5Ur-hEeVyADxUl2YLaNWwqyxUduCu5LnWlBS68n_SDCAtwDUqtvFYi0dpjFF3Yxx9B9_kI6bc3vGa-rCQBiJ4OAWTKpUBX0YbaB-QHsk4J7xZgQ7-2wp0B8u6rRlGyHMvia0b-rLe5hA2gTZUqAGdblBd68YUwzfgDIRJLWaIhcB2OYjFaixC7Tp-Vti4F__gnN1ezIOazdgu5XIm1dvG_WF4bENNqnkN1lhJ8ts-qoIhw0turqUJt7unaZDZM1p-meEWboNQHVGshwFVdmf05g9pTHekPHLMUbx7uqdvoGl7QMSsS0QjFLvBEh4Q",
    "token_expiry": "2025-03-13T19:01:31Z"
  },
  "sentinels": {
    "config_sentinel": "/home/jupyter/.config/gcloud/config_sentinel"
  }
}
2025-03-13 18:01:49,068 INFO     ___FILE_ONLY___ 

2025-03-13 18:01:49,069 DEBUG    root            SDK update checks are disabled.
