2025-02-26 23:08:09,500 DEBUG    root            Loaded Command Group: ['gcloud', 'config']
2025-02-26 23:08:09,503 DEBUG    root            Loaded Command Group: ['gcloud', 'config', 'config_helper']
2025-02-26 23:08:09,506 DEBUG    root            Running [gcloud.config.config-helper] with arguments: [--format: "json", --min-expiry: "1800"]
2025-02-26 23:08:09,526 DEBUG    root            Chosen display Format:default json
2025-02-26 23:08:09,527 INFO     root            Display format: "default json"
2025-02-26 23:08:09,546 INFO     ___FILE_ONLY___ {
  "configuration": {
    "active_configuration": "default",
    "properties": {
      "compute": {
        "region": "us-central1"
      },
      "core": {
        "account": "389142445548-compute@developer.gserviceaccount.com",
        "disable_usage_reporting": "True",
        "project": "robotic-aviary-451823-k6"
      },
      "dataproc": {
        "region": "us-central1"
      }
    }
  },
  "credential": {
    "access_token": "ya29.c.c0ASRK0GavREEQCXWvC-2SNgQpDdaVYqpqcwa2deqyrr7AERUgXgMyiimeN4vkN8c8OgQMEardQw7JvNWVktMJAVNInUovYj4eBWuxMGOAYn2r7LKhydC2CcPkzCiClnk73vhhIvE2s82Mk1-2prVs_kBT9btG3qsmq1xERU2uBz07ylPmrAPU8IH2Y3DX4aDhpzYg_8m_jjpI6DkR7tuHjUL87ffe7-KsTLM6_k9zY8_6qQ8zYp6l-20Lj0GuyhRuz5jnogLJRPBRUETf264JreivJqK9wEib3cE6-_MJP4yZDXdG1Hw7YsbbRmYMJoLJCxFyy7iEmXUcl0-IZJ7h8kD54IpMX2t_iW4EcdDV5Xtkz9bIVbKk5zrCWGcj686Ah1o8q1cTVzH46-vAppy6E413DqJQwO5QX-d224cd4nyzJ8v2WuIqj-wzjjBsR676wYoFd5wmmaSbg4Wub6j5y-vrg5I2sb33V2F3_-iRhXze-lbai2IbUo3VSmB0Zg062gS2_FfYM6gZhi6Yz37eygbURzyRpzxf_3drXFXvl1zwqnxkQ4xeI0Bj8OSX5c9fdJWhk5JqtullyybO1XumiOSqaxjFwkZaSpc-tvUZOFxlhck9fnoQ22-topvRZp4_fwvqwX-Yu0IXpJI7fS67lkXbQR8kIh9qxQSyjvYp3UgeYys5ttWoY2ul7IqFM-p2gipcnIBpey0cwZiul_c5u-u79_4l4r8_jV70Mo3-35xcJQoO3U3jwiOO4_MmyBtbsOVypxiItfnuQBce0_hlqM3t65ZJvc-16v1vy2rlrcqfSlIru12X7XxdbYx-3dzOrO3MtI3RlqzdlzOq8ah_QM72g-dQvO2itb7Qvfp9Oi3YmMciZSYs3RebQJVlrt_n-mjkFx3-bQyO5WBMczYFF0r8xjpvVqII8oVZ_xxcg05ucnpS6xjXwk4fjgOsfawY26s4uS-e2rxs_thv-_OolvByXiWi09prozudJv8e1njb8B5UjZ9hQhx",
    "id_token": "eyJhbGciOiJSUzI1NiIsImtpZCI6Ijc2M2Y3YzRjZDI2YTFlYjJiMWIzOWE4OGY0NDM0ZDFmNGQ5YTM2OGIiLCJ0eXAiOiJKV1QifQ.eyJhdWQiOiIzMjU1NTk0MDU1OS5hcHBzLmdvb2dsZXVzZXJjb250ZW50LmNvbSIsImF6cCI6IjEwNTQ4MjE5NzE1NzQxNjEwMTczMyIsImV4cCI6MTc0MDYxNDY0MCwiaWF0IjoxNzQwNjExMDQwLCJpc3MiOiJodHRwczovL2FjY291bnRzLmdvb2dsZS5jb20iLCJzdWIiOiIxMDU0ODIxOTcxNTc0MTYxMDE3MzMifQ.I8kL-B0_FzROdBaMtmgIHC-bW1BXr1cZCcM8zX61pcR1bcG4yBNzoKQ38ZcV7aw8UWH8Wks8ktJC2neoo0W-E70vbtQZPe-rZl0GV-RBAjZQ0JNdQXfV4el6fcxFQV0g092d_Dqdyxc6QaR99u0STTA0ygGGbBhx4eDRo2fLQ5pOXVGMd5uXVuaKAZ5fGlPbcugQrJ4fD7MxB6ihFHYSXdD9rkgT9IvCPeBepy7v85O9_UQ1_IS4OoZv5HLia1ligEWXNe9GGDTibNIQlwMoxt-ozVTSyEBi_Z_nWwPoc08avZ7uZu1rSywqUu1Z9kGc_wTaFamf3YI3j3tTCLPMow",
    "token_expiry": "2025-02-27T00:03:43Z"
  },
  "sentinels": {
    "config_sentinel": "/home/jupyter/.config/gcloud/config_sentinel"
  }
}
2025-02-26 23:08:09,546 INFO     ___FILE_ONLY___ 

2025-02-26 23:08:09,546 DEBUG    root            SDK update checks are disabled.
