2025-02-26 23:30:18,174 DEBUG    root            Loaded Command Group: ['gcloud', 'config']
2025-02-26 23:30:18,178 DEBUG    root            Loaded Command Group: ['gcloud', 'config', 'list']
2025-02-26 23:30:18,181 DEBUG    root            Running [gcloud.config.list] with arguments: [--format: "json"]
2025-02-26 23:30:18,185 DEBUG    root            Chosen display Format:config json
2025-02-26 23:30:18,185 INFO     root            Display format: "config json"
2025-02-26 23:30:18,203 INFO     ___FILE_ONLY___ {
  "accessibility": {
    "screen_reader": "False"
  },
  "app": {
    "container_builder_image": "gcr.io/cloud-builders/docker",
    "promote_by_default": "True",
    "runtime_builders_root": "gs://runtime-builders/",
    "runtime_root": "/usr/lib/google-cloud-sdk/platform/ext-runtime",
    "stop_previous_version": "True",
    "use_appengine_api": "True"
  },
  "artifacts": {
    "allow_unrecognized_registry": "False",
    "domain": "pkg.dev",
    "gcr_host": "gcr.io",
    "max_notes_per_batch_request": "1000",
    "registry_endpoint_prefix": ""
  },
  "auth": {
    "auth_host": "https://accounts.google.com/o/oauth2/auth",
    "client_id": "32555940559.apps.googleusercontent.com",
    "client_secret": "ZmssLNjJy2998hD4CTg2ejr2",
    "disable_code_verifier": "False",
    "disable_credentials": "False",
    "disable_load_google_auth": "False",
    "mtls_token_host": "https://oauth2.mtls.googleapis.com/token",
    "opt_out_google_auth": "False",
    "reauth_use_google_auth": "True",
    "service_account_disable_id_token_refresh": "False",
    "service_account_use_self_signed_jwt": "False",
    "token_host": "https://oauth2.googleapis.com/token"
  },
  "billing": {
    "quota_project": "CURRENT_PROJECT"
  },
  "builds": {
    "check_tag": "True",
    "kaniko_cache_ttl": "6",
    "kaniko_image": "gcr.io/kaniko-project/executor:latest",
    "use_kaniko": "False"
  },
  "code": {
    "minikube_event_timeout": "90s"
  },
  "compute": {
    "allow_partial_error": "True",
    "force_batch_request": "False",
    "gce_metadata_check_timeout_sec": "3",
    "gce_metadata_read_timeout_sec": "20",
    "iap_tunnel_use_new_websocket": "False",
    "region": "us-central1",
    "use_new_list_usable_subnets_api": "False"
  },
  "container": {
    "build_check_tag": "True",
    "use_application_default_credentials": "False",
    "use_client_certificate": "False"
  },
  "context_aware": {
    "always_use_mtls_endpoint": "False",
    "use_client_certificate": "False"
  },
  "core": {
    "account": "389142445548-compute@developer.gserviceaccount.com",
    "check_gce_metadata": "True",
    "color_theme": "off",
    "console_log_format": "standard",
    "default_format": "default",
    "disable_file_logging": "False",
    "disable_usage_reporting": "True",
    "enable_feature_flags": "True",
    "enable_gri": "False",
    "interactive_ux_style": "InteractiveUXStyles.NORMAL",
    "lint": "none",
    "log_http": "False",
    "log_http_redact_token": "True",
    "log_http_show_request_body": "False",
    "log_http_streaming_body": "False",
    "max_log_days": "30",
    "parse_error_details": "True",
    "pass_credentials_to_gsutil": "True",
    "project": "robotic-aviary-451823-k6",
    "resource_completion_style": "flags",
    "should_prompt_to_enable_api": "True",
    "show_structured_logs": "never",
    "universe_domain": "googleapis.com",
    "use_legacy_flattened_format": "False",
    "user_output_enabled": "True"
  },
  "dataflow": {
    "disable_public_ips": "False",
    "enable_streaming_engine": "False",
    "print_only": "False"
  },
  "datapipelines": {
    "disable_public_ips": "False",
    "enable_streaming_engine": "False"
  },
  "dataproc": {
    "region": "us-central1"
  },
  "deployment_manager": {
    "glob_imports": "False"
  },
  "devshell": {
    "image": "gcr.io/dev_con/cloud-dev-common:prod",
    "metadata_image": "gcr.io/google_appengine/faux-metadata:latest"
  },
  "emulator": {
    "bigtable_host_port": "localhost:8086",
    "datastore_host_port": "localhost:8081",
    "pubsub_host_port": "localhost:8085"
  },
  "functions": {
    "gen2": "False",
    "region": "us-central1",
    "v2": "False"
  },
  "gcloudignore": {
    "enabled": "True"
  },
  "gkebackup": {
    "backup": "-",
    "backup_plan": "-",
    "location": "-",
    "restore": "-",
    "restore_plan": "-"
  },
  "healthcare": {
    "location": "us-central1"
  },
  "interactive": {
    "bottom_bindings_line": "True",
    "bottom_status_line": "False",
    "completion_menu_lines": "4",
    "context": "",
    "debug": "False",
    "fixed_prompt_position": "False",
    "help_lines": "10",
    "hidden": "False",
    "justify_bottom_lines": "False",
    "manpage_generator": "True",
    "multi_column_completion_menu": "False",
    "obfuscate": "False",
    "prompt": "$ ",
    "show_help": "True",
    "suggest": "False"
  },
  "lifesciences": {
    "location": "us-central1"
  },
  "media_asset": {
    "location": "us-central1"
  },
  "ml_engine": {
    "polling_interval": "60"
  },
  "proxy": {
    "rdns": "True",
    "use_urllib3_via_shim": "False"
  },
  "run": {
    "platform": "managed"
  },
  "runapps": {
    "experimental_integrations": "False"
  },
  "ssh": {
    "putty_force_connect": "True",
    "verify_internal_ip": "True"
  },
  "storage": {
    "base_retry_delay": "1",
    "check_hashes": "if_fast_else_fail",
    "check_mv_early_deletion_fee": "True",
    "convert_incompatible_windows_path_characters": "True",
    "copy_chunk_size": "100Mi",
    "download_chunk_size": "256Ki",
    "enable_task_graph_debugging": "False",
    "exponential_sleep_multiplier": "2",
    "gs_xml_endpoint_url": "https://storage.googleapis.com",
    "json_api_version": "v1",
    "max_retries": "23",
    "max_retry_delay": "32",
    "multipart_chunksize": "8Mi",
    "multipart_threshold": "8Mi",
    "parallel_composite_upload_compatibility_check": "True",
    "parallel_composite_upload_component_prefix": "/gcloud/tmp/parallel_composite_uploads/see_gcloud_storage_cp_help_for_details/",
    "parallel_composite_upload_component_size": "50M",
    "parallel_composite_upload_threshold": "150M",
    "preferred_api": "json",
    "resumable_threshold": "8Mi",
    "rsync_files_directory": "/home/jupyter/.config/gcloud/surface_data/storage/rsync_files",
    "rsync_list_chunk_size": "32000",
    "suggest_transfer": "True",
    "symlink_placeholder_directory": "/home/jupyter/.config/gcloud/surface_data/storage/symlink_placeholders",
    "task_graph_debugging_snapshot_duration": "1",
    "tracker_files_directory": "/home/jupyter/.config/gcloud/surface_data/storage/tracker_files",
    "upload_chunk_size": "100Mi",
    "use_grpc_if_available": "False",
    "use_gsutil": "False",
    "use_magicfile": "False",
    "use_threading_local": "True"
  },
  "survey": {
    "disable_prompts": "False"
  },
  "transport": {
    "disable_requests_override": "False",
    "opt_out_requests": "False"
  },
  "vmware": {
    "region": "us-central1"
  },
  "web3": {
    "location": "us-central1"
  },
  "workflows": {
    "location": "us-central1"
  }
}
2025-02-26 23:30:18,204 INFO     ___FILE_ONLY___ 

2025-02-26 23:30:18,204 DEBUG    root            SDK update checks are disabled.
