2025-03-10 19:29:55,160 DEBUG    root            Loaded Command Group: ['gcloud', 'config']
2025-03-10 19:29:55,166 DEBUG    root            Loaded Command Group: ['gcloud', 'config', 'config_helper']
2025-03-10 19:29:55,170 DEBUG    root            Running [gcloud.config.config-helper] with arguments: [--format: "json", --min-expiry: "1800"]
2025-03-10 19:29:55,272 DEBUG    google.auth.transport.requests Making request: GET http://metadata.google.internal/computeMetadata/v1/instance/service-accounts/389142445548-compute@developer.gserviceaccount.com/?recursive=true
2025-03-10 19:29:55,276 DEBUG    urllib3.connectionpool Starting new HTTP connection (1): metadata.google.internal:80
2025-03-10 19:29:55,278 DEBUG    urllib3.connectionpool http://metadata.google.internal:80 "GET /computeMetadata/v1/instance/service-accounts/389142445548-compute@developer.gserviceaccount.com/?recursive=true HTTP/11" 200 154
2025-03-10 19:29:55,280 DEBUG    google.auth.transport.requests Making request: GET http://metadata.google.internal/computeMetadata/v1/instance/service-accounts/389142445548-compute@developer.gserviceaccount.com/token
2025-03-10 19:29:55,283 DEBUG    urllib3.connectionpool http://metadata.google.internal:80 "GET /computeMetadata/v1/instance/service-accounts/389142445548-compute@developer.gserviceaccount.com/token HTTP/11" 200 869
2025-03-10 19:29:55,308 DEBUG    root            Chosen display Format:default json
2025-03-10 19:29:55,309 INFO     root            Display format: "default json"
2025-03-10 19:29:55,386 INFO     ___FILE_ONLY___ {
  "configuration": {
    "active_configuration": "default",
    "properties": {
      "compute": {
        "region": "us-central1"
      },
      "core": {
        "account": "389142445548-compute@developer.gserviceaccount.com",
        "disable_usage_reporting": "True",
        "project": "robotic-aviary-451823-k6"
      },
      "dataproc": {
        "region": "us-central1"
      }
    }
  },
  "credential": {
    "access_token": "ya29.c.c0ASRK0GbM2EwCJdALG2c02Ze0Dwb4LPQ6EjbsIGe35vE_hrX_ygaJjBiaboQv05BEKbCxVIs_5a5DjCDJueMf16N_4Izyaa4z0D8pJex4RR-e3-DXDnRtsGdYGOI09iRLA9FF2lbzjJN5FrDg5X8Uxg55Nw5fjlEFiJe7UESe9ZC-eynAsZ79oyGW0ncN7up69z5VASPw4tiKZPtEk5VDLLMZ4qe6sWM6rLWf1m5GLIB8FsusJu99aKyxhlMfmjA3Lr178jda2aDncnPaqXmtTdtAp66wVq6Pkouj4714FId3Q8T4ZJI24-yvM-QeZDLWtBDUNVtSpGSFOthmPWErd9WVLs3p9KE6UztVa7iNb6C0muTEWg4Zd_c-OgCYE-_SsDeM2xby_WzU1_Tvy6375wT415DFWvBvpoWIFYg1Zw-dJZiOxXeW5epi_6SjmhM0bM-m0FvJUMmkpdV0unx68_ZVJe4R7ZIj198My86rbivivcUcc1nO9kdl7-v9a2i5FhORr2ZtdnnJvMFk_swdpmbs_Xg-tFqh4eZYbuqVJguqrOzpetkbfRbgU83udw4xiZB3q-a8qOqSZt_cfXYqUW9f1zq1JhuI-Vf31eeeVV0uq-p86mXVRIXoo4sI_sjerRqgzXbRq3xaiO7YMpUnrdJgk_eroojssjunj-tokZnZ5VY_B5yFkX6tMFv7zht6BfceZ-oacXJo67JX3W2tYkSSi2Yz6wUnJayl_fxmsQ4M2f5aJjk3F8cdxnytf0tgvj4962vb2Zl-JkZxrrbOm-1Ib4jbsMQ2sxxFRjJMkja21r6BMl1W64sSJUeyIRt1_8dMJqtpx8nggcQ42iXmid637XJYum_gZhdVZRtsXxvMOJVFrRydpy3aMwBWORlM1zrfWcoM4Q4qossqu-J9pm9mZfJU7anuOy--_hIZmco1xxvcQ-JOtoiy8vdB4dbc0Yltpexj9gXR43-Q-c7tUveYY4VwjuRy2ccvyhu-25jtZXSBo1uSk93",
    "id_token": "eyJhbGciOiJSUzI1NiIsImtpZCI6IjI1ZjgyMTE3MTM3ODhiNjE0NTQ3NGI1MDI5YjAxNDFiZDViM2RlOWMiLCJ0eXAiOiJKV1QifQ.eyJhdWQiOiIzMjU1NTk0MDU1OS5hcHBzLmdvb2dsZXVzZXJjb250ZW50LmNvbSIsImF6cCI6IjEwNTQ4MjE5NzE1NzQxNjEwMTczMyIsImV4cCI6MTc0MTYzODU5NSwiaWF0IjoxNzQxNjM0OTk1LCJpc3MiOiJodHRwczovL2FjY291bnRzLmdvb2dsZS5jb20iLCJzdWIiOiIxMDU0ODIxOTcxNTc0MTYxMDE3MzMifQ.YF1ActYO_SY8_CG9Tft8PS02A-oFaDd-Nnx1BleQlTkmzlagEHCEqjyUnRA4kVuDOvBzdZLeyjyFACqwT-T8XsmXwK_QBFbsmvE-MnhBfiMR8Jd8_vkXHMEcky9vNl0azvUZpiyRcArle5p5KfnH-Ryrn3j1jRkWhHxyoPF5OvsEG9nJQWgXp3dCfSnHI9tx-mS8xN6m3ssG2_sFSx2ZJ3_dojcI5HlKqe9eYYet_DFlT5zAdJGOOkZt8LFKBZg9VJM9KNg6cMydNQpYXyBlEDad_ZGtWH303Yr3kfE21btIkI8foRd7rOGC2oQxl_ELh0RABTHAwYYaCMEAtxZqcg",
    "token_expiry": "2025-03-10T20:29:39Z"
  },
  "sentinels": {
    "config_sentinel": "/home/jupyter/.config/gcloud/config_sentinel"
  }
}
2025-03-10 19:29:55,386 INFO     ___FILE_ONLY___ 

2025-03-10 19:29:55,387 DEBUG    root            SDK update checks are disabled.
